<?xml version="1.0" encoding="UTF-8"?>
<testng-results ignored="0" total="1" passed="1" failed="0" skipped="0">
  <reporter-output>
  </reporter-output>
  <suite started-at="2019-12-04T02:43:57Z" name="Suite" finished-at="2019-12-04T02:44:14Z" duration-ms="16331">
    <groups>
    </groups>
    <test started-at="2019-12-04T02:43:57Z" name="Sign in Test" finished-at="2019-12-04T02:44:14Z" duration-ms="16331">
      <class name="automationpractice.testcases.CheckoutTest">
        <test-method signature="loginTest()[pri:0, instance:automationpractice.testcases.CheckoutTest@5f031ebd]" started-at="2019-12-04T02:43:57Z" name="loginTest" finished-at="2019-12-04T02:44:13Z" duration-ms="16126" status="PASS">
          <reporter-output>
          </reporter-output>
        </test-method> <!-- loginTest -->
      </class> <!-- automationpractice.testcases.CheckoutTest -->
    </test> <!-- Sign in Test -->
  </suite> <!-- Suite -->
</testng-results>
