<?xml version="1.0" encoding="UTF-8"?>
<testng-results ignored="0" total="3" passed="3" failed="0" skipped="0">
  <reporter-output>
  </reporter-output>
  <suite started-at="2019-12-04T02:52:04Z" name="Suite" finished-at="2019-12-04T02:52:11Z" duration-ms="6886">
    <groups>
    </groups>
    <test started-at="2019-12-04T02:52:04Z" name="Sign in Test" finished-at="2019-12-04T02:52:11Z" duration-ms="6886">
      <class name="automationpractice.testcases.HomeTest">
        <test-method signature="signInTest()[pri:0, instance:automationpractice.testcases.HomeTest@3b2c0e88]" started-at="2019-12-04T02:52:04Z" name="signInTest" finished-at="2019-12-04T02:52:11Z" duration-ms="6682" status="PASS">
          <reporter-output>
          </reporter-output>
        </test-method> <!-- signInTest -->
      </class> <!-- automationpractice.testcases.HomeTest -->
    </test> <!-- Sign in Test -->
  </suite> <!-- Suite -->
  <suite started-at="2019-12-04T02:52:20Z" name="Suite (1)" finished-at="2019-12-04T02:52:35Z" duration-ms="15211">
    <groups>
    </groups>
    <test started-at="2019-12-04T02:52:20Z" name="Sign in Test" finished-at="2019-12-04T02:52:35Z" duration-ms="15211">
      <class name="automationpractice.testcases.CheckoutTest">
        <test-method signature="loginTest()[pri:0, instance:automationpractice.testcases.CheckoutTest@62e6b5c8]" started-at="2019-12-04T02:52:20Z" name="loginTest" finished-at="2019-12-04T02:52:35Z" duration-ms="15140" status="PASS">
          <reporter-output>
          </reporter-output>
        </test-method> <!-- loginTest -->
      </class> <!-- automationpractice.testcases.CheckoutTest -->
    </test> <!-- Sign in Test -->
  </suite> <!-- Suite (1) -->
  <suite started-at="2019-12-04T02:52:11Z" name="Suite (0)" finished-at="2019-12-04T02:52:20Z" duration-ms="8243">
    <groups>
    </groups>
    <test started-at="2019-12-04T02:52:11Z" name="Sign in Test" finished-at="2019-12-04T02:52:20Z" duration-ms="8243">
      <class name="automationpractice.testcases.LoginTest">
        <test-method signature="loginTest()[pri:0, instance:automationpractice.testcases.LoginTest@665df3c6]" started-at="2019-12-04T02:52:11Z" name="loginTest" finished-at="2019-12-04T02:52:20Z" duration-ms="8166" status="PASS">
          <reporter-output>
          </reporter-output>
        </test-method> <!-- loginTest -->
      </class> <!-- automationpractice.testcases.LoginTest -->
    </test> <!-- Sign in Test -->
  </suite> <!-- Suite (0) -->
</testng-results>
